{"tag": "info", "depth": 0, "time": 1563278254.7916274, "data": {"name": "Final Error", "traceback": "Traceback (most recent call last):\n  File \"C:\\Git\\gaodingAppTest\\pythonProject\\venv\\lib\\site-packages\\airtest\\core\\android\\adb.py\", line 368, in shell\n    out = self.raw_shell(cmd)\n  File \"C:\\Git\\gaodingAppTest\\pythonProject\\venv\\lib\\site-packages\\airtest\\core\\android\\adb.py\", line 326, in raw_shell\n    out = self.cmd(cmds, ensure_unicode=False)\n  File \"C:\\Git\\gaodingAppTest\\pythonProject\\venv\\lib\\site-packages\\airtest\\core\\android\\adb.py\", line 187, in cmd\n    raise AdbError(stdout, stderr)\nairtest.core.error.AdbError: stdout[b''] stderr[b'\\r\\nException occurred while executing:\\r\\njava.lang.IllegalArgumentException: Unknown id: com.baidu.input_huawei/.ImeService\\r\\n\\tat com.android.server.InputMethodManagerService.setInputMethodEnabledLocked(InputMethodManagerService.java:4297)\\r\\n\\tat com.android.server.HwInputMethodManagerService.setInputMethodEnabledLocked(HwInputMethodManagerService.java:466)\\r\\n\\tat com.android.server.InputMethodManagerService.handleShellCommandEnableDisableInputMethod(InputMethodManagerService.java:5274)\\r\\n\\tat com.android.server.InputMethodManagerService.access$1800(InputMethodManagerService.java:200)\\r\\n\\tat com.android.server.InputMethodManagerService$ShellCommandImpl.onCommand(InputMethodManagerService.java:5065)\\r\\n\\tat android.os.ShellCommand.exec(ShellCommand.java:103)\\r\\n\\tat com.android.server.InputMethodManagerService.onShellCommand(InputMethodManagerService.java:5031)\\r\\n\\tat android.os.Binder.shellCommand(Binder.java:642)\\r\\n\\tat android.os.Binder.onTransact(Binder.java:540)\\r\\n\\tat com.android.internal.view.IInputMethodManager$Stub.onTransact(IInputMethodManager.java:494)\\r\\n\\tat com.android.server.InputMethodManagerService.onTransact(InputMethodManagerService.java:1606)\\r\\n\\tat com.android.server.HwInputMethodManagerService.onTransact(HwInputMethodManagerService.java:245)\\r\\n\\tat android.os.Binder.execTransact(Binder.java:739)\\r\\n']\n\nDuring handling of the above exception, another exception occurred:\n\nTraceback (most recent call last):\n  File \"C:\\Git\\gaodingAppTest\\pythonProject\\venv\\lib\\site-packages\\airtest\\cli\\runner.py\", line 61, in runTest\n    exec(compile(code.encode(\"utf-8\"), pyfilepath, 'exec'), self.scope)\n  File \"C:\\Git\\gaodingAppTest\\pythonProject\\gaodingAppUIAutoTest\\air\\testAddMacaicAndeSavePhoto.air\\testAddMacaicAndeSavePhoto.py\", line 7, in <module>\n    poco = AndroidUiautomationPoco(use_airtest_input=True, screenshot_each_action=False)\n  File \"C:\\Git\\gaodingAppTest\\pythonProject\\venv\\lib\\site-packages\\poco\\drivers\\android\\uiautomation.py\", line 173, in __init__\n    self.ime.start()\n  File \"C:\\Git\\gaodingAppTest\\pythonProject\\venv\\lib\\site-packages\\airtest\\core\\android\\ime.py\", line 109, in start\n    super(YosemiteIme, self).start()\n  File \"C:\\Git\\gaodingAppTest\\pythonProject\\venv\\lib\\site-packages\\airtest\\core\\android\\ime.py\", line 77, in start\n    self.adb.shell(\"ime enable %s\" % self.service_name)\n  File \"C:\\Git\\gaodingAppTest\\pythonProject\\venv\\lib\\site-packages\\airtest\\core\\android\\adb.py\", line 370, in shell\n    raise AdbShellError(err.stdout, err.stderr)\nairtest.core.error.AdbShellError: stdout[b''] stderr[b'\\r\\nException occurred while executing:\\r\\njava.lang.IllegalArgumentException: Unknown id: com.baidu.input_huawei/.ImeService\\r\\n\\tat com.android.server.InputMethodManagerService.setInputMethodEnabledLocked(InputMethodManagerService.java:4297)\\r\\n\\tat com.android.server.HwInputMethodManagerService.setInputMethodEnabledLocked(HwInputMethodManagerService.java:466)\\r\\n\\tat com.android.server.InputMethodManagerService.handleShellCommandEnableDisableInputMethod(InputMethodManagerService.java:5274)\\r\\n\\tat com.android.server.InputMethodManagerService.access$1800(InputMethodManagerService.java:200)\\r\\n\\tat com.android.server.InputMethodManagerService$ShellCommandImpl.onCommand(InputMethodManagerService.java:5065)\\r\\n\\tat android.os.ShellCommand.exec(ShellCommand.java:103)\\r\\n\\tat com.android.server.InputMethodManagerService.onShellCommand(InputMethodManagerService.java:5031)\\r\\n\\tat android.os.Binder.shellCommand(Binder.java:642)\\r\\n\\tat android.os.Binder.onTransact(Binder.java:540)\\r\\n\\tat com.android.internal.view.IInputMethodManager$Stub.onTransact(IInputMethodManager.java:494)\\r\\n\\tat com.android.server.InputMethodManagerService.onTransact(InputMethodManagerService.java:1606)\\r\\n\\tat com.android.server.HwInputMethodManagerService.onTransact(HwInputMethodManagerService.java:245)\\r\\n\\tat android.os.Binder.execTransact(Binder.java:739)\\r\\n']\n"}}
