{"tag": "info", "depth": 0, "time": 1563375131.206833, "data": {"name": "Final Error", "traceback": "Traceback (most recent call last):\n  File \"c:\\python\\lib\\site-packages\\poco\\proxy.py\", line 26, in wrapped\n    proxy.wait_for_appearance(timeout=proxy.poco._pre_action_wait_for_appearance)\n  File \"c:\\python\\lib\\site-packages\\poco\\proxy.py\", line 681, in wait_for_appearance\n    raise PocoTargetTimeout('appearance', self)\npoco.exceptions.PocoTargetTimeout: Waiting timeout for appearance of \"UIObjectProxy of \"text=\u56fe\u7247\u6807\u8bb0\"\"\n\nDuring handling of the above exception, another exception occurred:\n\nTraceback (most recent call last):\n  File \"c:\\python\\lib\\site-packages\\airtest\\cli\\runner.py\", line 61, in runTest\n    exec(compile(code.encode(\"utf-8\"), pyfilepath, 'exec'), self.scope)\n  File \"C:\\Git\\gaodingAppTest\\pythonProject\\gaodingAppUIAutoTest\\air\\testSwitchRatioAndSavePhoto.air\\testSwitchRatioAndSavePhoto.py\", line 21, in <module>\n    poco( text=\"\u56fe\u7247\u6807\u8bb0\" ).click()\n  File \"c:\\python\\lib\\site-packages\\poco\\proxy.py\", line 29, in wrapped\n    raise e\n  File \"c:\\python\\lib\\site-packages\\poco\\proxy.py\", line 23, in wrapped\n    return func(proxy, *args, **kwargs)\n  File \"c:\\python\\lib\\site-packages\\poco\\proxy.py\", line 332, in click\n    pos_in_percentage = self.get_position(focus)\n  File \"c:\\python\\lib\\site-packages\\poco\\proxy.py\", line 72, in wrapped\n    return func(proxy, *args, **kwargs)\n  File \"c:\\python\\lib\\site-packages\\poco\\proxy.py\", line 613, in get_position\n    pos = self.attr('pos')\n  File \"c:\\python\\lib\\site-packages\\poco\\proxy.py\", line 39, in wrapped\n    return func(self, *args, **kwargs)\n  File \"c:\\python\\lib\\site-packages\\poco\\proxy.py\", line 734, in attr\n    nodes = self._do_query(multiple=False)\n  File \"c:\\python\\lib\\site-packages\\poco\\proxy.py\", line 874, in _do_query\n    raise PocoNoSuchNodeException(self)\npoco.exceptions.PocoNoSuchNodeException: Cannot find any visible node by query UIObjectProxy of \"text=\u56fe\u7247\u6807\u8bb0\"\n"}}
